GLPK 4.65 - SENSITIVITY ANALYSIS REPORT                                                                         Page   1

Problem:    
Objective:  obj = 114 (MINimum)

   No. Row name     St      Activity         Slack   Lower bound       Activity      Obj coef  Obj value at Limiting
                                          Marginal   Upper bound          range         range   break point variable
------ ------------ -- ------------- ------------- -------------  ------------- ------------- ------------- ------------
     1 c1           BS      12.00000       3.00000          -Inf       22.00000      -1.00000     102.00000 c2
                                            .           15.00000       12.00000          +Inf          +Inf

     2 c2           NU      20.00000        .               -Inf       17.00000          -Inf     117.00000 c1
                                          -1.00000      20.00000       25.00000       1.00000     109.00000 x_1_5

     3 c3           NL       7.00000        .            7.00000         .           -2.00000     100.00000 x_1_3
                                           2.00000          +Inf       10.00000          +Inf     120.00000 c1

     4 c4           NL      10.00000        .           10.00000        5.00000      -6.00000      84.00000 x_1_5
                                           6.00000          +Inf       13.00000          +Inf     132.00000 c1

     5 c5           NL      15.00000        .           15.00000       10.00000      -4.00000      94.00000 x_1_5
                                           4.00000          +Inf       18.00000          +Inf     126.00000 c1

GLPK 4.65 - SENSITIVITY ANALYSIS REPORT                                                                         Page   2

Problem:    
Objective:  obj = 114 (MINimum)

   No. Column name  St      Activity      Obj coef   Lower bound       Activity      Obj coef  Obj value at Limiting
                                          Marginal   Upper bound          range         range   break point variable
------ ------------ -- ------------- ------------- -------------  ------------- ------------- ------------- ------------
     1 x_1_3        BS       7.00000       2.00000        .            10.00000        .          100.00000 c3
                                            .               +Inf        7.00000          +Inf          +Inf

     2 x_1_5        BS       5.00000       4.00000        .             8.00000       3.00000     109.00000 c2
                                            .               +Inf        5.00000          +Inf          +Inf

     3 x_2_4        BS      10.00000       5.00000        .            13.00000      -1.00000      54.00000 c4
                                            .               +Inf       10.00000          +Inf          +Inf

     4 x_2_5        BS      10.00000       3.00000        .            10.00000          -Inf          -Inf
                                            .               +Inf        7.00000       4.00000     124.00000 c2

End of report
